Process 0 pipe 0 -> 1
Process 0 pipe 0 -> 2
Process 0 pipe 0 -> 3
Process 0 pipe 1 -> 0
Process 0 pipe 1 -> 2
Process 0 pipe 1 -> 3
Process 0 pipe 2 -> 0
Process 0 pipe 2 -> 1
Process 0 pipe 2 -> 3
Process 0 pipe 3 -> 0
Process 0 pipe 3 -> 1
Process 0 pipe 3 -> 2
Process 1 closed pipes 0 1 and 1 0
Process 1 closed pipes 0 2 and 2 0
Process 1 closed pipes 0 3 and 3 0
Process 1 closed pipes 2 0 and 0 2
Process 1 closed pipes 2 1 and 1 2
Process 1 closed pipes 2 3 and 3 2
Process 1 closed pipes 3 0 and 0 3
Process 1 closed pipes 3 1 and 1 3
Process 1 closed pipes 3 2 and 2 3
Process 0 pipe 0 -> 1
Process 0 pipe 0 -> 2
Process 0 pipe 0 -> 3
Process 0 pipe 1 -> 0
Process 0 pipe 1 -> 2
Process 0 pipe 1 -> 3
Process 0 pipe 2 -> 0
Process 0 pipe 2 -> 1
Process 0 pipe 2 -> 3
Process 0 pipe 3 -> 0
Process 0 pipe 3 -> 1
Process 0 pipe 3 -> 2
Process 3 closed pipes 0 1 and 1 0
Process 3 closed pipes 0 2 and 2 0
Process 3 closed pipes 0 3 and 3 0
Process 3 closed pipes 1 0 and 0 1
Process 3 closed pipes 1 2 and 2 1
Process 3 closed pipes 1 3 and 3 1
Process 3 closed pipes 2 0 and 0 2
Process 3 closed pipes 2 1 and 1 2
Process 3 closed pipes 2 3 and 3 2
Process 0 pipe 0 -> 1
Process 0 pipe 0 -> 2
Process 0 pipe 0 -> 3
Process 0 pipe 1 -> 0
Process 0 pipe 1 -> 2
Process 0 pipe 1 -> 3
Process 0 pipe 2 -> 0
Process 0 pipe 2 -> 1
Process 0 pipe 2 -> 3
Process 0 pipe 3 -> 0
Process 0 pipe 3 -> 1
Process 0 pipe 3 -> 2
Process 2 closed pipes 0 1 and 1 0
Process 2 closed pipes 0 2 and 2 0
Process 2 closed pipes 0 3 and 3 0
Process 2 closed pipes 1 0 and 0 1
Process 2 closed pipes 1 2 and 2 1
Process 2 closed pipes 1 3 and 3 1
Process 2 closed pipes 3 0 and 0 3
Process 2 closed pipes 3 1 and 1 3
Process 2 closed pipes 3 2 and 2 3
